{"timestamp": "2026-04-04T16:25:37.811497+00:00", "level": "ERROR", "logger": "app", "message": "Exception on /metrics [GET]", "exception": "Traceback (most recent call last):\n  File \"/Users/ayushpramanik/Documents/mlh-pe-hackathon/.venv/lib/python3.13/site-packages/peewee.py\", line 3296, in connect\n    self._state.set_connection(self._connect())\n                               ~~~~~~~~~~~~~^^\n  File \"/Users/ayushpramanik/Documents/mlh-pe-hackathon/.venv/lib/python3.13/site-packages/peewee.py\", line 4158, in _connect\n    conn = self._adapter.connect(self, **self.connect_params)\n  File \"/Users/ayushpramanik/Documents/mlh-pe-hackathon/.venv/lib/python3.13/site-packages/peewee.py\", line 4019, in connect\n    conn = psycopg2.connect(**params)\n  File \"/Users/ayushpramanik/Documents/mlh-pe-hackathon/.venv/lib/python3.13/site-packages/psycopg2/__init__.py\", line 122, in connect\n    conn = _connect(dsn, connection_factory=connection_factory, **kwasync)\npsycopg2.OperationalError: connection to server at \"localhost\" (::1), port 5432 failed: Connection refused\n\tIs the server running on that host and accepting TCP/IP connections?\nconnection to server at \"localhost\" (127.0.0.1), port 5432 failed: Connection refused\n\tIs the server running on that host and accepting TCP/IP connections?\n\n\nDuring handling of the above exception, another exception occurred:\n\nTraceback (most recent call last):\n  File \"/Users/ayushpramanik/Documents/mlh-pe-hackathon/.venv/lib/python3.13/site-packages/flask/app.py\", line 1511, in wsgi_app\n    response = self.full_dispatch_request()\n  File \"/Users/ayushpramanik/Documents/mlh-pe-hackathon/.venv/lib/python3.13/site-packages/flask/app.py\", line 919, in full_dispatch_request\n    rv = self.handle_user_exception(e)\n  File \"/Users/ayushpramanik/Documents/mlh-pe-hackathon/.venv/lib/python3.13/site-packages/flask/app.py\", line 915, in full_dispatch_request\n    rv = self.preprocess_request()\n  File \"/Users/ayushpramanik/Documents/mlh-pe-hackathon/.venv/lib/python3.13/site-packages/flask/app.py\", line 1291, in preprocess_request\n    rv = self.ensure_sync(before_func)()\n  File \"/Users/ayushpramanik/Documents/mlh-pe-hackathon/app/database.py\", line 25, in _db_connect\n    db.connect(reuse_if_open=True)\n    ~~~~~~~~~~^^^^^^^^^^^^^^^^^^^^\n  File \"/Users/ayushpramanik/Documents/mlh-pe-hackathon/.venv/lib/python3.13/site-packages/peewee.py\", line 3295, in connect\n    with __exception_wrapper__:\n         ^^^^^^^^^^^^^^^^^^^^^\n  File \"/Users/ayushpramanik/Documents/mlh-pe-hackathon/.venv/lib/python3.13/site-packages/peewee.py\", line 3121, in __exit__\n    reraise(new_type, new_type(exc_value, *exc_args), traceback)\n    ~~~~~~~^^^^^^^^^^^^^^^^^^^^^^^^^^^^^^^^^^^^^^^^^^^^^^^^^^^^^\n  File \"/Users/ayushpramanik/Documents/mlh-pe-hackathon/.venv/lib/python3.13/site-packages/peewee.py\", line 164, in reraise\n    raise value.with_traceback(tb)\n  File \"/Users/ayushpramanik/Documents/mlh-pe-hackathon/.venv/lib/python3.13/site-packages/peewee.py\", line 3296, in connect\n    self._state.set_connection(self._connect())\n                               ~~~~~~~~~~~~~^^\n  File \"/Users/ayushpramanik/Documents/mlh-pe-hackathon/.venv/lib/python3.13/site-packages/peewee.py\", line 4158, in _connect\n    conn = self._adapter.connect(self, **self.connect_params)\n  File \"/Users/ayushpramanik/Documents/mlh-pe-hackathon/.venv/lib/python3.13/site-packages/peewee.py\", line 4019, in connect\n    conn = psycopg2.connect(**params)\n  File \"/Users/ayushpramanik/Documents/mlh-pe-hackathon/.venv/lib/python3.13/site-packages/psycopg2/__init__.py\", line 122, in connect\n    conn = _connect(dsn, connection_factory=connection_factory, **kwasync)\npeewee.OperationalError: connection to server at \"localhost\" (::1), port 5432 failed: Connection refused\n\tIs the server running on that host and accepting TCP/IP connections?\nconnection to server at \"localhost\" (127.0.0.1), port 5432 failed: Connection refused\n\tIs the server running on that host and accepting TCP/IP connections?\n"}
{"timestamp": "2026-04-04T16:25:37.816492+00:00", "level": "ERROR", "logger": "app", "message": "internal_server_error", "exception": "werkzeug.exceptions.InternalServerError: 500 Internal Server Error: The server encountered an internal error and was unable to complete your request. Either the server is overloaded or there is an error in the application."}
{"timestamp": "2026-04-04T16:25:37.816616+00:00", "level": "ERROR", "logger": "app", "message": "Request finalizing failed with an error while handling an error", "exception": "Traceback (most recent call last):\n  File \"/Users/ayushpramanik/Documents/mlh-pe-hackathon/.venv/lib/python3.13/site-packages/flask/app.py\", line 941, in finalize_request\n    response = self.process_response(response)\n  File \"/Users/ayushpramanik/Documents/mlh-pe-hackathon/.venv/lib/python3.13/site-packages/flask/app.py\", line 1319, in process_response\n    response = self.ensure_sync(func)(response)\n  File \"/Users/ayushpramanik/Documents/mlh-pe-hackathon/app/__init__.py\", line 50, in _after\n    duration_ms = round((time.perf_counter() - g.start_time) * 1000, 2)\n                                               ^^^^^^^^^^^^\n  File \"/Users/ayushpramanik/Documents/mlh-pe-hackathon/.venv/lib/python3.13/site-packages/flask/ctx.py\", line 56, in __getattr__\n    raise AttributeError(name) from None\nAttributeError: start_time"}
{"timestamp": "2026-04-04T16:25:37.819485+00:00", "level": "ERROR", "logger": "app", "message": "Exception on /logs [GET]", "exception": "Traceback (most recent call last):\n  File \"/Users/ayushpramanik/Documents/mlh-pe-hackathon/.venv/lib/python3.13/site-packages/peewee.py\", line 3296, in connect\n    self._state.set_connection(self._connect())\n                               ~~~~~~~~~~~~~^^\n  File \"/Users/ayushpramanik/Documents/mlh-pe-hackathon/.venv/lib/python3.13/site-packages/peewee.py\", line 4158, in _connect\n    conn = self._adapter.connect(self, **self.connect_params)\n  File \"/Users/ayushpramanik/Documents/mlh-pe-hackathon/.venv/lib/python3.13/site-packages/peewee.py\", line 4019, in connect\n    conn = psycopg2.connect(**params)\n  File \"/Users/ayushpramanik/Documents/mlh-pe-hackathon/.venv/lib/python3.13/site-packages/psycopg2/__init__.py\", line 122, in connect\n    conn = _connect(dsn, connection_factory=connection_factory, **kwasync)\npsycopg2.OperationalError: connection to server at \"localhost\" (::1), port 5432 failed: Connection refused\n\tIs the server running on that host and accepting TCP/IP connections?\nconnection to server at \"localhost\" (127.0.0.1), port 5432 failed: Connection refused\n\tIs the server running on that host and accepting TCP/IP connections?\n\n\nDuring handling of the above exception, another exception occurred:\n\nTraceback (most recent call last):\n  File \"/Users/ayushpramanik/Documents/mlh-pe-hackathon/.venv/lib/python3.13/site-packages/flask/app.py\", line 1511, in wsgi_app\n    response = self.full_dispatch_request()\n  File \"/Users/ayushpramanik/Documents/mlh-pe-hackathon/.venv/lib/python3.13/site-packages/flask/app.py\", line 919, in full_dispatch_request\n    rv = self.handle_user_exception(e)\n  File \"/Users/ayushpramanik/Documents/mlh-pe-hackathon/.venv/lib/python3.13/site-packages/flask/app.py\", line 915, in full_dispatch_request\n    rv = self.preprocess_request()\n  File \"/Users/ayushpramanik/Documents/mlh-pe-hackathon/.venv/lib/python3.13/site-packages/flask/app.py\", line 1291, in preprocess_request\n    rv = self.ensure_sync(before_func)()\n  File \"/Users/ayushpramanik/Documents/mlh-pe-hackathon/app/database.py\", line 25, in _db_connect\n    db.connect(reuse_if_open=True)\n    ~~~~~~~~~~^^^^^^^^^^^^^^^^^^^^\n  File \"/Users/ayushpramanik/Documents/mlh-pe-hackathon/.venv/lib/python3.13/site-packages/peewee.py\", line 3295, in connect\n    with __exception_wrapper__:\n         ^^^^^^^^^^^^^^^^^^^^^\n  File \"/Users/ayushpramanik/Documents/mlh-pe-hackathon/.venv/lib/python3.13/site-packages/peewee.py\", line 3121, in __exit__\n    reraise(new_type, new_type(exc_value, *exc_args), traceback)\n    ~~~~~~~^^^^^^^^^^^^^^^^^^^^^^^^^^^^^^^^^^^^^^^^^^^^^^^^^^^^^\n  File \"/Users/ayushpramanik/Documents/mlh-pe-hackathon/.venv/lib/python3.13/site-packages/peewee.py\", line 164, in reraise\n    raise value.with_traceback(tb)\n  File \"/Users/ayushpramanik/Documents/mlh-pe-hackathon/.venv/lib/python3.13/site-packages/peewee.py\", line 3296, in connect\n    self._state.set_connection(self._connect())\n                               ~~~~~~~~~~~~~^^\n  File \"/Users/ayushpramanik/Documents/mlh-pe-hackathon/.venv/lib/python3.13/site-packages/peewee.py\", line 4158, in _connect\n    conn = self._adapter.connect(self, **self.connect_params)\n  File \"/Users/ayushpramanik/Documents/mlh-pe-hackathon/.venv/lib/python3.13/site-packages/peewee.py\", line 4019, in connect\n    conn = psycopg2.connect(**params)\n  File \"/Users/ayushpramanik/Documents/mlh-pe-hackathon/.venv/lib/python3.13/site-packages/psycopg2/__init__.py\", line 122, in connect\n    conn = _connect(dsn, connection_factory=connection_factory, **kwasync)\npeewee.OperationalError: connection to server at \"localhost\" (::1), port 5432 failed: Connection refused\n\tIs the server running on that host and accepting TCP/IP connections?\nconnection to server at \"localhost\" (127.0.0.1), port 5432 failed: Connection refused\n\tIs the server running on that host and accepting TCP/IP connections?\n"}
{"timestamp": "2026-04-04T16:25:37.820797+00:00", "level": "ERROR", "logger": "app", "message": "internal_server_error", "exception": "werkzeug.exceptions.InternalServerError: 500 Internal Server Error: The server encountered an internal error and was unable to complete your request. Either the server is overloaded or there is an error in the application."}
{"timestamp": "2026-04-04T16:25:37.820875+00:00", "level": "ERROR", "logger": "app", "message": "Request finalizing failed with an error while handling an error", "exception": "Traceback (most recent call last):\n  File \"/Users/ayushpramanik/Documents/mlh-pe-hackathon/.venv/lib/python3.13/site-packages/flask/app.py\", line 941, in finalize_request\n    response = self.process_response(response)\n  File \"/Users/ayushpramanik/Documents/mlh-pe-hackathon/.venv/lib/python3.13/site-packages/flask/app.py\", line 1319, in process_response\n    response = self.ensure_sync(func)(response)\n  File \"/Users/ayushpramanik/Documents/mlh-pe-hackathon/app/__init__.py\", line 50, in _after\n    duration_ms = round((time.perf_counter() - g.start_time) * 1000, 2)\n                                               ^^^^^^^^^^^^\n  File \"/Users/ayushpramanik/Documents/mlh-pe-hackathon/.venv/lib/python3.13/site-packages/flask/ctx.py\", line 56, in __getattr__\n    raise AttributeError(name) from None\nAttributeError: start_time"}
{"timestamp": "2026-04-04T16:26:40.256453+00:00", "level": "INFO", "logger": "app", "message": "request", "method": "GET", "path": "/metrics", "status": 200, "duration_ms": 105.95, "remote_addr": "127.0.0.1"}
{"timestamp": "2026-04-04T16:26:45.050277+00:00", "level": "INFO", "logger": "app", "message": "request", "method": "GET", "path": "/metrics", "status": 200, "duration_ms": 104.48, "remote_addr": "127.0.0.1"}
{"timestamp": "2026-04-04T16:26:45.051239+00:00", "level": "INFO", "logger": "app", "message": "request", "method": "GET", "path": "/health", "status": 200, "duration_ms": 0.06, "remote_addr": "127.0.0.1"}
{"timestamp": "2026-04-04T16:26:45.051807+00:00", "level": "INFO", "logger": "app", "message": "request", "method": "GET", "path": "/logs", "status": 200, "duration_ms": 0.26, "remote_addr": "127.0.0.1"}
{"timestamp": "2026-04-04T16:41:51.954404+00:00", "level": "INFO", "logger": "app.alerting", "message": "alert_manager_started", "check_interval": 30, "cooldown": 300, "error_rate_threshold": 0.1, "email_configured": false}
{"timestamp": "2026-04-04T16:41:51.962755+00:00", "level": "INFO", "logger": "app.alerting", "message": "alert_manager_started", "check_interval": 30, "cooldown": 300, "error_rate_threshold": 0.1, "email_configured": false}
{"timestamp": "2026-04-04T17:02:36.597776+00:00", "level": "INFO", "logger": "app.alerting", "message": "alert_manager_started", "check_interval": 30, "cooldown": 300, "error_rate_threshold": 0.1, "email_configured": false}
{"timestamp": "2026-04-04T17:03:54.920116+00:00", "level": "INFO", "logger": "app.alerting", "message": "alert_manager_started", "check_interval": 30, "cooldown": 300, "error_rate_threshold": 0.1, "email_configured": false}
{"timestamp": "2026-04-04T17:03:55.004014+00:00", "level": "INFO", "logger": "app", "message": "db_connected", "attempt": 1}
{"timestamp": "2026-04-04T17:03:56.048927+00:00", "level": "INFO", "logger": "app.alerting", "message": "alert_manager_started", "check_interval": 30, "cooldown": 300, "error_rate_threshold": 0.1, "email_configured": false}
{"timestamp": "2026-04-04T17:03:56.103211+00:00", "level": "INFO", "logger": "app", "message": "db_connected", "attempt": 1}
{"timestamp": "2026-04-04T17:03:56.137343+00:00", "level": "WARNING", "logger": "werkzeug", "message": " * Debugger is active!"}
{"timestamp": "2026-04-04T17:04:01.917282+00:00", "level": "INFO", "logger": "app", "message": "Request started: GET /metrics"}
{"timestamp": "2026-04-04T17:04:02.029686+00:00", "level": "INFO", "logger": "app", "message": "Request finished: GET /metrics status=200 duration=111.82ms"}
{"timestamp": "2026-04-04T18:01:02.473182+00:00", "level": "INFO", "logger": "app.alerting", "message": "alert_manager_started", "check_interval": 30, "cooldown": 300, "error_rate_threshold": 0.1, "email_configured": false}
{"timestamp": "2026-04-04T18:01:02.607341+00:00", "level": "INFO", "logger": "app", "message": "db_connected", "attempt": 1}
{"timestamp": "2026-04-04T18:01:02.675807+00:00", "level": "WARNING", "logger": "werkzeug", "message": " * Debugger is active!"}
{"timestamp": "2026-04-04T18:26:40.122167+00:00", "level": "INFO", "logger": "app.alerting", "message": "alert_manager_started", "check_interval": 30, "cooldown": 300, "error_rate_threshold": 0.1, "email_configured": false, "discord_configured": true}
{"timestamp": "2026-04-04T18:26:40.199026+00:00", "level": "INFO", "logger": "app", "message": "db_connected", "attempt": 1}
{"timestamp": "2026-04-04T18:26:41.710538+00:00", "level": "INFO", "logger": "app.alerting", "message": "alert_manager_started", "check_interval": 30, "cooldown": 300, "error_rate_threshold": 0.1, "email_configured": false, "discord_configured": true}
{"timestamp": "2026-04-04T18:26:41.784909+00:00", "level": "INFO", "logger": "app", "message": "db_connected", "attempt": 1}
{"timestamp": "2026-04-04T18:26:41.819496+00:00", "level": "WARNING", "logger": "werkzeug", "message": " * Debugger is active!"}
{"timestamp": "2026-04-04T18:27:37.292080+00:00", "level": "INFO", "logger": "app", "message": "Request started: GET /test-alert"}
{"timestamp": "2026-04-04T18:27:37.301752+00:00", "level": "WARNING", "logger": "app.alerting", "message": "alert_email_skipped", "reason": "SMTP_USER or ALERT_EMAIL_TO not set"}
{"timestamp": "2026-04-04T18:27:38.273198+00:00", "level": "ERROR", "logger": "app.alerting", "message": "discord_alert_failed", "error": "HTTP Error 403: Forbidden"}
{"timestamp": "2026-04-04T18:27:38.275118+00:00", "level": "INFO", "logger": "app", "message": "Request finished: GET /test-alert status=200 duration=983.07ms"}
{"timestamp": "2026-04-04T18:30:55.479251+00:00", "level": "INFO", "logger": "app.alerting", "message": "alert_manager_started", "check_interval": 30, "cooldown": 300, "error_rate_threshold": 0.1, "email_configured": false, "discord_configured": true}
{"timestamp": "2026-04-04T18:30:55.575347+00:00", "level": "INFO", "logger": "app", "message": "db_connected", "attempt": 1}
{"timestamp": "2026-04-04T18:30:56.718951+00:00", "level": "INFO", "logger": "app.alerting", "message": "alert_manager_started", "check_interval": 30, "cooldown": 300, "error_rate_threshold": 0.1, "email_configured": false, "discord_configured": true}
{"timestamp": "2026-04-04T18:30:56.809423+00:00", "level": "INFO", "logger": "app", "message": "db_connected", "attempt": 1}
{"timestamp": "2026-04-04T18:30:56.847515+00:00", "level": "WARNING", "logger": "werkzeug", "message": " * Debugger is active!"}
{"timestamp": "2026-04-04T18:31:13.293329+00:00", "level": "INFO", "logger": "app", "message": "Request started: GET /test-alert"}
{"timestamp": "2026-04-04T18:31:13.333139+00:00", "level": "WARNING", "logger": "app.alerting", "message": "alert_email_skipped", "reason": "SMTP_USER or ALERT_EMAIL_TO not set"}
{"timestamp": "2026-04-04T18:31:14.280545+00:00", "level": "ERROR", "logger": "app.alerting", "message": "discord_alert_failed", "error": "HTTP Error 403: Forbidden"}
{"timestamp": "2026-04-04T18:31:14.315480+00:00", "level": "INFO", "logger": "app", "message": "Request finished: GET /test-alert status=200 duration=1022.19ms"}
{"timestamp": "2026-04-04T18:36:13.642128+00:00", "level": "INFO", "logger": "app.alerting", "message": "alert_manager_started", "check_interval": 30, "cooldown": 300, "error_rate_threshold": 0.1, "email_configured": false, "discord_configured": true}
{"timestamp": "2026-04-04T18:36:13.761256+00:00", "level": "INFO", "logger": "app", "message": "db_connected", "attempt": 1}
{"timestamp": "2026-04-04T18:36:15.521759+00:00", "level": "INFO", "logger": "app.alerting", "message": "alert_manager_started", "check_interval": 30, "cooldown": 300, "error_rate_threshold": 0.1, "email_configured": false, "discord_configured": true}
{"timestamp": "2026-04-04T18:36:15.597166+00:00", "level": "INFO", "logger": "app", "message": "db_connected", "attempt": 1}
{"timestamp": "2026-04-04T18:36:15.635085+00:00", "level": "WARNING", "logger": "werkzeug", "message": " * Debugger is active!"}
{"timestamp": "2026-04-04T18:36:28.126485+00:00", "level": "INFO", "logger": "app", "message": "Request started: GET /test-alert"}
{"timestamp": "2026-04-04T18:36:28.127189+00:00", "level": "WARNING", "logger": "app.alerting", "message": "alert_email_skipped", "reason": "SMTP_USER or ALERT_EMAIL_TO not set"}
{"timestamp": "2026-04-04T18:36:30.074665+00:00", "level": "ERROR", "logger": "app.alerting", "message": "discord_alert_failed", "error": "HTTP Error 403: Forbidden"}
{"timestamp": "2026-04-04T18:36:30.077693+00:00", "level": "INFO", "logger": "app", "message": "Request finished: GET /test-alert status=200 duration=1951.13ms"}
{"timestamp": "2026-04-04T18:40:52.889146+00:00", "level": "INFO", "logger": "app.alerting", "message": "alert_manager_started", "check_interval": 30, "cooldown": 300, "error_rate_threshold": 0.1, "email_configured": false, "discord_configured": true}
{"timestamp": "2026-04-04T18:40:52.941603+00:00", "level": "INFO", "logger": "app", "message": "db_connected", "attempt": 1}
{"timestamp": "2026-04-04T18:40:54.387413+00:00", "level": "INFO", "logger": "app.alerting", "message": "alert_manager_started", "check_interval": 30, "cooldown": 300, "error_rate_threshold": 0.1, "email_configured": false, "discord_configured": true}
{"timestamp": "2026-04-04T18:40:54.480508+00:00", "level": "INFO", "logger": "app", "message": "db_connected", "attempt": 1}
{"timestamp": "2026-04-04T18:40:54.524001+00:00", "level": "WARNING", "logger": "werkzeug", "message": " * Debugger is active!"}
{"timestamp": "2026-04-04T18:41:07.895005+00:00", "level": "INFO", "logger": "app", "message": "Request started: GET /test-alert"}
{"timestamp": "2026-04-04T18:41:07.897450+00:00", "level": "WARNING", "logger": "app.alerting", "message": "alert_email_skipped", "reason": "SMTP_USER or ALERT_EMAIL_TO not set"}
{"timestamp": "2026-04-04T18:41:08.542361+00:00", "level": "ERROR", "logger": "app.alerting", "message": "discord_alert_failed", "error": "HTTP Error 403: Forbidden"}
{"timestamp": "2026-04-04T18:41:08.544422+00:00", "level": "INFO", "logger": "app", "message": "Request finished: GET /test-alert status=200 duration=649.34ms"}
{"timestamp": "2026-04-04T18:48:47.306673+00:00", "level": "INFO", "logger": "app.alerting", "message": "alert_manager_started", "check_interval": 30, "cooldown": 300, "error_rate_threshold": 0.1, "email_configured": false, "discord_configured": true}
{"timestamp": "2026-04-04T18:48:47.363414+00:00", "level": "INFO", "logger": "app", "message": "db_connected", "attempt": 1}
{"timestamp": "2026-04-04T18:48:47.394110+00:00", "level": "WARNING", "logger": "werkzeug", "message": " * Debugger is active!"}
{"timestamp": "2026-04-04T18:49:07.476212+00:00", "level": "INFO", "logger": "app", "message": "Request started: GET /test-alert"}
{"timestamp": "2026-04-04T18:49:07.477077+00:00", "level": "WARNING", "logger": "app.alerting", "message": "alert_email_skipped", "reason": "SMTP_USER or ALERT_EMAIL_TO not set"}
{"timestamp": "2026-04-04T18:49:08.018109+00:00", "level": "ERROR", "logger": "app.alerting", "message": "discord_alert_failed", "error": "HTTP Error 403: Forbidden"}
{"timestamp": "2026-04-04T18:49:08.019358+00:00", "level": "INFO", "logger": "app", "message": "Request finished: GET /test-alert status=200 duration=543.18ms"}
{"timestamp": "2026-04-04T18:49:09.930705+00:00", "level": "INFO", "logger": "app", "message": "Request started: GET /favicon.ico"}
{"timestamp": "2026-04-04T18:49:09.999673+00:00", "level": "INFO", "logger": "app", "message": "Request finished: GET /favicon.ico status=404 duration=68.95ms"}
{"timestamp": "2026-04-04T18:53:28.234931+00:00", "level": "INFO", "logger": "app.alerting", "message": "alert_manager_started", "check_interval": 30, "cooldown": 300, "error_rate_threshold": 0.1, "email_configured": false, "discord_configured": true}
{"timestamp": "2026-04-04T18:53:28.290245+00:00", "level": "INFO", "logger": "app", "message": "db_connected", "attempt": 1}
{"timestamp": "2026-04-04T18:53:29.062619+00:00", "level": "INFO", "logger": "app.alerting", "message": "alert_manager_started", "check_interval": 30, "cooldown": 300, "error_rate_threshold": 0.1, "email_configured": false, "discord_configured": true}
{"timestamp": "2026-04-04T18:53:29.109921+00:00", "level": "INFO", "logger": "app", "message": "db_connected", "attempt": 1}
{"timestamp": "2026-04-04T18:53:29.148149+00:00", "level": "WARNING", "logger": "werkzeug", "message": " * Debugger is active!"}
{"timestamp": "2026-04-04T18:53:45.895099+00:00", "level": "INFO", "logger": "app", "message": "Request started: GET /test-alert"}
{"timestamp": "2026-04-04T18:53:45.895552+00:00", "level": "WARNING", "logger": "app.alerting", "message": "alert_email_skipped", "reason": "SMTP_USER or ALERT_EMAIL_TO not set"}
{"timestamp": "2026-04-04T18:53:46.512772+00:00", "level": "ERROR", "logger": "app.alerting", "message": "discord_alert_failed", "error": "HTTP Error 403: Forbidden"}
{"timestamp": "2026-04-04T18:53:46.513735+00:00", "level": "INFO", "logger": "app", "message": "Request finished: GET /test-alert status=200 duration=618.6ms"}
{"timestamp": "2026-04-04T18:56:17.004283+00:00", "level": "INFO", "logger": "app.alerting", "message": "alert_manager_started", "check_interval": 30, "cooldown": 300, "error_rate_threshold": 0.1, "email_configured": false, "discord_configured": true}
{"timestamp": "2026-04-04T18:56:17.050896+00:00", "level": "INFO", "logger": "app", "message": "db_connected", "attempt": 1}
{"timestamp": "2026-04-04T18:56:17.765567+00:00", "level": "INFO", "logger": "app.alerting", "message": "alert_manager_started", "check_interval": 30, "cooldown": 300, "error_rate_threshold": 0.1, "email_configured": false, "discord_configured": true}
{"timestamp": "2026-04-04T18:56:17.815126+00:00", "level": "INFO", "logger": "app", "message": "db_connected", "attempt": 1}
{"timestamp": "2026-04-04T18:56:17.844635+00:00", "level": "WARNING", "logger": "werkzeug", "message": " * Debugger is active!"}
{"timestamp": "2026-04-04T18:56:41.140648+00:00", "level": "INFO", "logger": "app", "message": "Request started: GET /test-alert"}
{"timestamp": "2026-04-04T18:56:41.141086+00:00", "level": "WARNING", "logger": "app.alerting", "message": "alert_email_skipped", "reason": "SMTP_USER or ALERT_EMAIL_TO not set"}
{"timestamp": "2026-04-04T18:56:43.278260+00:00", "level": "ERROR", "logger": "app.alerting", "message": "discord_alert_failed", "error": "HTTP Error 403: Forbidden"}
{"timestamp": "2026-04-04T18:56:43.283774+00:00", "level": "INFO", "logger": "app", "message": "Request finished: GET /test-alert status=200 duration=2142.47ms"}
{"timestamp": "2026-04-04T19:00:57.696060+00:00", "level": "INFO", "logger": "app.alerting", "message": "alert_manager_started", "check_interval": 30, "cooldown": 300, "error_rate_threshold": 0.1, "email_configured": false, "discord_configured": true}
{"timestamp": "2026-04-04T19:00:57.753187+00:00", "level": "INFO", "logger": "app", "message": "db_connected", "attempt": 1}
{"timestamp": "2026-04-04T19:00:57.800013+00:00", "level": "WARNING", "logger": "werkzeug", "message": " * Debugger is active!"}
{"timestamp": "2026-04-04T19:08:51.212471+00:00", "level": "INFO", "logger": "app.alerting", "message": "alert_manager_started", "check_interval": 30, "cooldown": 300, "error_rate_threshold": 0.1, "email_configured": false, "discord_configured": true}
{"timestamp": "2026-04-04T19:08:51.323646+00:00", "level": "INFO", "logger": "app", "message": "db_connected", "attempt": 1}
{"timestamp": "2026-04-04T19:08:51.381889+00:00", "level": "WARNING", "logger": "werkzeug", "message": " * Debugger is active!"}
{"timestamp": "2026-04-04T19:09:03.791890+00:00", "level": "INFO", "logger": "app.alerting", "message": "alert_manager_started", "check_interval": 30, "cooldown": 300, "error_rate_threshold": 0.1, "email_configured": false, "discord_configured": true}
{"timestamp": "2026-04-04T19:09:03.881790+00:00", "level": "INFO", "logger": "app", "message": "db_connected", "attempt": 1}
{"timestamp": "2026-04-04T19:09:03.929716+00:00", "level": "WARNING", "logger": "werkzeug", "message": " * Debugger is active!"}
{"timestamp": "2026-04-04T20:03:28.753414+00:00", "level": "INFO", "logger": "app.alerting", "message": "alert_manager_started", "check_interval": 30, "cooldown": 300, "error_rate_threshold": 0.1, "email_configured": false, "discord_configured": true}
{"timestamp": "2026-04-04T20:03:28.867085+00:00", "level": "INFO", "logger": "app", "message": "db_connected", "attempt": 1}
{"timestamp": "2026-04-04T20:03:30.306662+00:00", "level": "INFO", "logger": "app.alerting", "message": "alert_manager_started", "check_interval": 30, "cooldown": 300, "error_rate_threshold": 0.1, "email_configured": false, "discord_configured": true}
{"timestamp": "2026-04-04T20:03:30.406164+00:00", "level": "INFO", "logger": "app", "message": "db_connected", "attempt": 1}
{"timestamp": "2026-04-04T20:03:30.446185+00:00", "level": "WARNING", "logger": "werkzeug", "message": " * Debugger is active!"}
{"timestamp": "2026-04-04T20:04:49.564106+00:00", "level": "INFO", "logger": "app.alerting", "message": "alert_manager_started", "check_interval": 30, "cooldown": 300, "error_rate_threshold": 0.1, "email_configured": false, "discord_configured": true}
{"timestamp": "2026-04-04T20:04:49.626960+00:00", "level": "INFO", "logger": "app", "message": "db_connected", "attempt": 1}
{"timestamp": "2026-04-04T20:04:50.401373+00:00", "level": "INFO", "logger": "app.alerting", "message": "alert_manager_started", "check_interval": 30, "cooldown": 300, "error_rate_threshold": 0.1, "email_configured": false, "discord_configured": true}
{"timestamp": "2026-04-04T20:04:50.450287+00:00", "level": "INFO", "logger": "app", "message": "db_connected", "attempt": 1}
{"timestamp": "2026-04-04T20:04:50.487019+00:00", "level": "WARNING", "logger": "werkzeug", "message": " * Debugger is active!"}
{"timestamp": "2026-04-04T20:05:13.549853+00:00", "level": "INFO", "logger": "app", "message": "Request started: GET /test-alert"}
{"timestamp": "2026-04-04T20:05:13.551185+00:00", "level": "WARNING", "logger": "app.alerting", "message": "alert_email_skipped", "reason": "SMTP_USER or ALERT_EMAIL_TO not set"}
{"timestamp": "2026-04-04T20:05:14.308151+00:00", "level": "ERROR", "logger": "app.alerting", "message": "discord_alert_failed", "error": "HTTP Error 403: Forbidden"}
{"timestamp": "2026-04-04T20:05:14.374342+00:00", "level": "INFO", "logger": "app", "message": "Request finished: GET /test-alert status=200 duration=824.26ms"}
{"timestamp": "2026-04-04T20:07:39.420841+00:00", "level": "INFO", "logger": "app.alerting", "message": "alert_manager_started", "check_interval": 30, "cooldown": 300, "error_rate_threshold": 0.1, "email_configured": false, "discord_configured": true}
{"timestamp": "2026-04-04T20:07:39.466565+00:00", "level": "INFO", "logger": "app", "message": "db_connected", "attempt": 1}
{"timestamp": "2026-04-04T20:07:40.167938+00:00", "level": "INFO", "logger": "app.alerting", "message": "alert_manager_started", "check_interval": 30, "cooldown": 300, "error_rate_threshold": 0.1, "email_configured": false, "discord_configured": true}
{"timestamp": "2026-04-04T20:07:40.218355+00:00", "level": "INFO", "logger": "app", "message": "db_connected", "attempt": 1}
{"timestamp": "2026-04-04T20:07:40.241128+00:00", "level": "WARNING", "logger": "werkzeug", "message": " * Debugger is active!"}
{"timestamp": "2026-04-04T20:08:09.413780+00:00", "level": "INFO", "logger": "app", "message": "Request started: GET /test-alert"}
{"timestamp": "2026-04-04T20:08:09.414393+00:00", "level": "WARNING", "logger": "app.alerting", "message": "alert_email_skipped", "reason": "SMTP_USER or ALERT_EMAIL_TO not set"}
{"timestamp": "2026-04-04T20:08:10.323247+00:00", "level": "ERROR", "logger": "app.alerting", "message": "discord_alert_failed", "error": "HTTP Error 403: Forbidden"}
{"timestamp": "2026-04-04T20:08:10.324235+00:00", "level": "INFO", "logger": "app", "message": "Request finished: GET /test-alert status=200 duration=910.45ms"}
{"timestamp": "2026-04-04T20:12:27.512362+00:00", "level": "INFO", "logger": "app.alerting", "message": "alert_manager_started", "check_interval": 30, "cooldown": 300, "error_rate_threshold": 0.1, "email_configured": false, "discord_configured": true}
{"timestamp": "2026-04-04T20:12:27.590586+00:00", "level": "INFO", "logger": "app.alerting", "message": "alert_manager_started", "check_interval": 30, "cooldown": 300, "error_rate_threshold": 0.1, "email_configured": false, "discord_configured": true}
{"timestamp": "2026-04-04T20:12:27.626399+00:00", "level": "INFO", "logger": "app", "message": "db_connected", "attempt": 1}
{"timestamp": "2026-04-04T20:12:27.684320+00:00", "level": "WARNING", "logger": "werkzeug", "message": " * Debugger is active!"}
{"timestamp": "2026-04-04T20:12:27.693724+00:00", "level": "INFO", "logger": "app", "message": "db_connected", "attempt": 1}
{"timestamp": "2026-04-04T20:12:27.737538+00:00", "level": "WARNING", "logger": "werkzeug", "message": " * Debugger is active!"}
{"timestamp": "2026-04-04T20:12:47.996750+00:00", "level": "INFO", "logger": "app.alerting", "message": "alert_manager_started", "check_interval": 30, "cooldown": 300, "error_rate_threshold": 0.1, "email_configured": false, "discord_configured": true}
{"timestamp": "2026-04-04T20:12:47.998709+00:00", "level": "INFO", "logger": "app.alerting", "message": "alert_manager_started", "check_interval": 30, "cooldown": 300, "error_rate_threshold": 0.1, "email_configured": false, "discord_configured": true}
{"timestamp": "2026-04-04T20:12:48.093086+00:00", "level": "INFO", "logger": "app", "message": "db_connected", "attempt": 1}
{"timestamp": "2026-04-04T20:12:48.102919+00:00", "level": "INFO", "logger": "app", "message": "db_connected", "attempt": 1}
{"timestamp": "2026-04-04T20:12:48.141214+00:00", "level": "WARNING", "logger": "werkzeug", "message": " * Debugger is active!"}
{"timestamp": "2026-04-04T20:12:48.169215+00:00", "level": "WARNING", "logger": "werkzeug", "message": " * Debugger is active!"}
{"timestamp": "2026-04-04T20:13:13.509547+00:00", "level": "INFO", "logger": "app", "message": "Request started: GET /test-alert"}
{"timestamp": "2026-04-04T20:13:13.509977+00:00", "level": "WARNING", "logger": "app.alerting", "message": "alert_email_skipped", "reason": "SMTP_USER or ALERT_EMAIL_TO not set"}
{"timestamp": "2026-04-04T20:13:14.312115+00:00", "level": "ERROR", "logger": "app.alerting", "message": "discord_alert_failed", "error": "HTTP 404 Not Found", "status": 404, "response": "{\"message\": \"Unknown Webhook\", \"code\": 10015}", "webhook": "https://discord.com/api/webhooks/1490060083659276488/Lfae...g0ix"}
{"timestamp": "2026-04-04T20:13:14.313906+00:00", "level": "INFO", "logger": "app", "message": "Request finished: GET /test-alert status=200 duration=804.23ms"}
{"timestamp": "2026-04-04T20:16:49.215115+00:00", "level": "INFO", "logger": "app.alerting", "message": "alert_manager_started", "check_interval": 30, "cooldown": 300, "error_rate_threshold": 0.1, "email_configured": false, "discord_configured": true}
{"timestamp": "2026-04-04T20:16:49.255335+00:00", "level": "INFO", "logger": "app", "message": "db_connected", "attempt": 1}
{"timestamp": "2026-04-04T20:16:49.919882+00:00", "level": "INFO", "logger": "app.alerting", "message": "alert_manager_started", "check_interval": 30, "cooldown": 300, "error_rate_threshold": 0.1, "email_configured": false, "discord_configured": true}
{"timestamp": "2026-04-04T20:16:49.963506+00:00", "level": "INFO", "logger": "app", "message": "db_connected", "attempt": 1}
{"timestamp": "2026-04-04T20:16:49.992318+00:00", "level": "WARNING", "logger": "werkzeug", "message": " * Debugger is active!"}
{"timestamp": "2026-04-04T20:17:28.081922+00:00", "level": "INFO", "logger": "app", "message": "Request started: GET /test-alert"}
{"timestamp": "2026-04-04T20:17:28.082515+00:00", "level": "WARNING", "logger": "app.alerting", "message": "alert_email_skipped", "reason": "SMTP_USER or ALERT_EMAIL_TO not set"}
{"timestamp": "2026-04-04T20:17:28.795767+00:00", "level": "ERROR", "logger": "app.alerting", "message": "discord_alert_failed", "error": "HTTP 404 Not Found", "status": 404, "response": "{\"message\": \"Unknown Webhook\", \"code\": 10015}", "webhook": "https://discord.com/api/webhooks/1490060083659276488/Lfae...g0ix"}
{"timestamp": "2026-04-04T20:17:28.801632+00:00", "level": "INFO", "logger": "app", "message": "Request finished: GET /test-alert status=200 duration=719.68ms"}
{"timestamp": "2026-04-04T20:19:33.336256+00:00", "level": "INFO", "logger": "app", "message": "Request started: GET /test-alert"}
{"timestamp": "2026-04-04T20:19:33.337861+00:00", "level": "WARNING", "logger": "app.alerting", "message": "alert_email_skipped", "reason": "SMTP_USER or ALERT_EMAIL_TO not set"}
{"timestamp": "2026-04-04T20:19:34.061172+00:00", "level": "ERROR", "logger": "app.alerting", "message": "discord_alert_failed", "error": "HTTP 404 Not Found", "status": 404, "response": "{\"message\": \"Unknown Webhook\", \"code\": 10015}", "webhook": "https://discord.com/api/webhooks/1490060083659276488/Lfae...g0ix"}
{"timestamp": "2026-04-04T20:19:34.067601+00:00", "level": "INFO", "logger": "app", "message": "Request finished: GET /test-alert status=200 duration=731.2ms"}
{"timestamp": "2026-04-04T20:20:54.742118+00:00", "level": "INFO", "logger": "app.alerting", "message": "alert_manager_started", "check_interval": 30, "cooldown": 300, "error_rate_threshold": 0.1, "email_configured": false, "discord_configured": true}
{"timestamp": "2026-04-04T20:20:54.831052+00:00", "level": "INFO", "logger": "app", "message": "db_connected", "attempt": 1}
{"timestamp": "2026-04-04T20:20:54.864122+00:00", "level": "WARNING", "logger": "werkzeug", "message": " * Debugger is active!"}
{"timestamp": "2026-04-04T20:21:01.916841+00:00", "level": "INFO", "logger": "app.alerting", "message": "alert_manager_started", "check_interval": 30, "cooldown": 300, "error_rate_threshold": 0.1, "email_configured": false, "discord_configured": true}
{"timestamp": "2026-04-04T20:21:01.962701+00:00", "level": "INFO", "logger": "app", "message": "db_connected", "attempt": 1}
{"timestamp": "2026-04-04T20:21:01.992787+00:00", "level": "WARNING", "logger": "werkzeug", "message": " * Debugger is active!"}
{"timestamp": "2026-04-04T20:23:17.359465+00:00", "level": "INFO", "logger": "app.alerting", "message": "alert_manager_started", "check_interval": 30, "cooldown": 300, "error_rate_threshold": 0.1, "email_configured": false, "discord_configured": true}
{"timestamp": "2026-04-04T20:23:17.400479+00:00", "level": "INFO", "logger": "app", "message": "db_connected", "attempt": 1}
{"timestamp": "2026-04-04T20:23:18.072576+00:00", "level": "INFO", "logger": "app.alerting", "message": "alert_manager_started", "check_interval": 30, "cooldown": 300, "error_rate_threshold": 0.1, "email_configured": false, "discord_configured": true}
{"timestamp": "2026-04-04T20:23:18.114919+00:00", "level": "INFO", "logger": "app", "message": "db_connected", "attempt": 1}
{"timestamp": "2026-04-04T20:23:18.142441+00:00", "level": "WARNING", "logger": "werkzeug", "message": " * Debugger is active!"}
{"timestamp": "2026-04-04T20:23:26.739829+00:00", "level": "INFO", "logger": "app", "message": "Request started: GET /test-alert"}
{"timestamp": "2026-04-04T20:23:26.740250+00:00", "level": "WARNING", "logger": "app.alerting", "message": "alert_email_skipped", "reason": "SMTP_USER or ALERT_EMAIL_TO not set"}
{"timestamp": "2026-04-04T20:23:27.796225+00:00", "level": "INFO", "logger": "app.alerting", "message": "discord_alert_sent", "subject": "[TEST] Alert Fired"}
{"timestamp": "2026-04-04T20:23:27.799052+00:00", "level": "INFO", "logger": "app", "message": "Request finished: GET /test-alert status=200 duration=1058.93ms"}
{"timestamp": "2026-04-04T20:27:49.008721+00:00", "level": "INFO", "logger": "app.alerting", "message": "alert_manager_started", "check_interval": 30, "cooldown": 300, "error_rate_threshold": 0.1, "email_configured": false, "discord_configured": true}
{"timestamp": "2026-04-04T20:27:49.153075+00:00", "level": "INFO", "logger": "app", "message": "db_connected", "attempt": 1}
{"timestamp": "2026-04-04T20:27:49.908740+00:00", "level": "INFO", "logger": "app.alerting", "message": "alert_manager_started", "check_interval": 30, "cooldown": 300, "error_rate_threshold": 0.1, "email_configured": false, "discord_configured": true}
{"timestamp": "2026-04-04T20:27:49.968802+00:00", "level": "INFO", "logger": "app", "message": "db_connected", "attempt": 1}
{"timestamp": "2026-04-04T20:27:49.997475+00:00", "level": "WARNING", "logger": "werkzeug", "message": " * Debugger is active!"}
{"timestamp": "2026-04-04T20:28:02.966479+00:00", "level": "INFO", "logger": "app", "message": "Request started: GET /test-alert"}
{"timestamp": "2026-04-04T20:28:02.967254+00:00", "level": "WARNING", "logger": "app.alerting", "message": "alert_email_skipped", "reason": "SMTP_USER or ALERT_EMAIL_TO not set"}
{"timestamp": "2026-04-04T20:28:14.052817+00:00", "level": "ERROR", "logger": "app.alerting", "message": "discord_alert_failed", "error": "URL error: [Errno 11001] getaddrinfo failed"}
{"timestamp": "2026-04-04T20:28:14.054415+00:00", "level": "INFO", "logger": "app", "message": "Request finished: GET /test-alert status=200 duration=11087.93ms"}
{"timestamp": "2026-04-04T20:28:52.763757+00:00", "level": "INFO", "logger": "app", "message": "Request started: GET /test-alert"}
{"timestamp": "2026-04-04T20:28:52.764803+00:00", "level": "WARNING", "logger": "app.alerting", "message": "alert_email_skipped", "reason": "SMTP_USER or ALERT_EMAIL_TO not set"}
{"timestamp": "2026-04-04T20:29:05.094707+00:00", "level": "INFO", "logger": "app.alerting", "message": "discord_alert_sent", "subject": "[TEST] Alert Fired"}
{"timestamp": "2026-04-04T20:29:05.101911+00:00", "level": "INFO", "logger": "app", "message": "Request finished: GET /test-alert status=200 duration=12338.17ms"}
{"timestamp": "2026-04-04T20:29:55.771123+00:00", "level": "INFO", "logger": "app", "message": "Request started: GET /metrics"}
{"timestamp": "2026-04-04T20:29:55.886269+00:00", "level": "INFO", "logger": "app", "message": "Request finished: GET /metrics status=200 duration=115.24ms"}
{"timestamp": "2026-04-04T20:29:57.816354+00:00", "level": "INFO", "logger": "app", "message": "Request started: GET /metrics"}
{"timestamp": "2026-04-04T20:29:57.924130+00:00", "level": "INFO", "logger": "app", "message": "Request finished: GET /metrics status=200 duration=107.77ms"}
{"timestamp": "2026-04-04T20:29:58.918348+00:00", "level": "INFO", "logger": "app", "message": "Request started: GET /metrics"}
{"timestamp": "2026-04-04T20:29:59.026938+00:00", "level": "INFO", "logger": "app", "message": "Request finished: GET /metrics status=200 duration=108.57ms"}
{"timestamp": "2026-04-04T20:29:59.887967+00:00", "level": "INFO", "logger": "app", "message": "Request started: GET /metrics"}
{"timestamp": "2026-04-04T20:29:59.997090+00:00", "level": "INFO", "logger": "app", "message": "Request finished: GET /metrics status=200 duration=109.1ms"}
{"timestamp": "2026-04-04T20:30:00.780892+00:00", "level": "INFO", "logger": "app", "message": "Request started: GET /metrics"}
{"timestamp": "2026-04-04T20:30:00.889953+00:00", "level": "INFO", "logger": "app", "message": "Request finished: GET /metrics status=200 duration=109.05ms"}
{"timestamp": "2026-04-04T20:30:01.646795+00:00", "level": "INFO", "logger": "app", "message": "Request started: GET /metrics"}
{"timestamp": "2026-04-04T20:30:01.755805+00:00", "level": "INFO", "logger": "app", "message": "Request finished: GET /metrics status=200 duration=108.01ms"}
{"timestamp": "2026-04-04T20:30:02.463252+00:00", "level": "INFO", "logger": "app", "message": "Request started: GET /metrics"}
{"timestamp": "2026-04-04T20:30:02.569867+00:00", "level": "INFO", "logger": "app", "message": "Request finished: GET /metrics status=200 duration=106.61ms"}
{"timestamp": "2026-04-04T20:30:06.265612+00:00", "level": "INFO", "logger": "app", "message": "Request started: GET /test-alert"}
{"timestamp": "2026-04-04T20:30:06.266033+00:00", "level": "WARNING", "logger": "app.alerting", "message": "alert_email_skipped", "reason": "SMTP_USER or ALERT_EMAIL_TO not set"}
{"timestamp": "2026-04-04T20:30:07.580296+00:00", "level": "INFO", "logger": "app.alerting", "message": "discord_alert_sent", "subject": "[TEST] Alert Fired"}
{"timestamp": "2026-04-04T20:30:07.580951+00:00", "level": "INFO", "logger": "app", "message": "Request finished: GET /test-alert status=200 duration=1315.32ms"}
